Build started 9/20/2015 5:03:47 PM.
     1>Project "E:\Projects\connect4\connec4\connec4\connec4.vcxproj" on node 2 (build target(s)).
     1>InitializeBuildStatus:
         Creating "Debug\connec4.unsuccessfulbuild" because "AlwaysCreate" was specified.
       ClCompile:
         All outputs are up-to-date.
         E:\Softwares\Visual Studio 2010\VC\bin\CL.exe /c /ZI /nologo /W3 /WX- /Od /Oy- /D WIN32 /D _DEBUG /D _CONSOLE /D _UNICODE /D UNICODE /Gm /EHsc /RTC1 /MDd /GS /fp:precise /Zc:wchar_t /Zc:forScope /Yu"StdAfx.h" /Fp"Debug\connec4.pch" /Fo"Debug\\" /Fd"Debug\vc100.pdb" /Gd /TP /analyze- /errorReport:prompt Connect4Board.cpp
         Connect4Board.cpp
     1>e:\projects\connect4\connec4\connec4\connect4board.cpp(8): warning C4018: '<' : signed/unsigned mismatch
     1>e:\projects\connect4\connec4\connec4\connect4board.cpp(10): warning C4018: '<' : signed/unsigned mismatch
       ManifestResourceCompile:
         All outputs are up-to-date.
       Link:
         E:\Softwares\Visual Studio 2010\VC\bin\link.exe /ERRORREPORT:PROMPT /OUT:"E:\Projects\connect4\connec4\Debug\connec4.exe" /INCREMENTAL /NOLOGO kernel32.lib user32.lib gdi32.lib winspool.lib comdlg32.lib advapi32.lib shell32.lib ole32.lib oleaut32.lib uuid.lib odbc32.lib odbccp32.lib /MANIFEST /ManifestFile:"Debug\connec4.exe.intermediate.manifest" /MANIFESTUAC:"level='asInvoker' uiAccess='false'" /DEBUG /PDB:"E:\Projects\connect4\connec4\Debug\connec4.pdb" /SUBSYSTEM:CONSOLE /TLBID:1 /DYNAMICBASE /NXCOMPAT /IMPLIB:"E:\Projects\connect4\connec4\Debug\connec4.lib" /MACHINE:X86 Debug\connec4.exe.embed.manifest.res
         Debug\connec4.obj
         Debug\Connect4Board.obj
         Debug\Connect4Player.obj
         Debug\stdafx.obj
       Manifest:
         C:\Program Files (x86)\Microsoft SDKs\Windows\v7.0A\bin\mt.exe /nologo /verbose /out:"Debug\connec4.exe.embed.manifest" /manifest Debug\connec4.exe.intermediate.manifest
         All outputs are up-to-date.
       LinkEmbedManifest:
         All outputs are up-to-date.
         connec4.vcxproj -> E:\Projects\connect4\connec4\Debug\connec4.exe
       FinalizeBuildStatus:
         Deleting file "Debug\connec4.unsuccessfulbuild".
         Touching "Debug\connec4.lastbuildstate".
     1>Done Building Project "E:\Projects\connect4\connec4\connec4\connec4.vcxproj" (build target(s)).

Build succeeded.

Time Elapsed 00:00:01.21
