E:\Projects\connect4\connec4\connec4\Debug\cl.command.1.tlog
E:\Projects\connect4\connec4\connec4\Debug\CL.read.1.tlog
E:\Projects\connect4\connec4\connec4\Debug\CL.write.1.tlog
E:\PROJECTS\CONNECT4\CONNEC4\CONNEC4\DEBUG\CONNEC4.EXE.EMBED.MANIFEST
E:\PROJECTS\CONNECT4\CONNEC4\CONNEC4\DEBUG\CONNEC4.EXE.EMBED.MANIFEST.RES
E:\PROJECTS\CONNECT4\CONNEC4\CONNEC4\DEBUG\CONNEC4.EXE.INTERMEDIATE.MANIFEST
E:\PROJECTS\CONNECT4\CONNEC4\CONNEC4\DEBUG\CONNEC4.OBJ
E:\PROJECTS\CONNECT4\CONNEC4\CONNEC4\DEBUG\CONNEC4.PCH
E:\Projects\connect4\connec4\connec4\Debug\connec4.vcxprojResolveAssemblyReference.cache
E:\Projects\connect4\connec4\connec4\Debug\connec4.write.1.tlog
E:\Projects\connect4\connec4\connec4\Debug\connec4_manifest.rc
E:\Projects\connect4\connec4\connec4\Debug\link.2168.read.1.tlog
E:\Projects\connect4\connec4\connec4\Debug\link.2168.write.1.tlog
E:\Projects\connect4\connec4\connec4\Debug\link.2168-cvtres.read.1.tlog
E:\Projects\connect4\connec4\connec4\Debug\link.2168-cvtres.write.1.tlog
E:\Projects\connect4\connec4\connec4\Debug\link.3740.read.1.tlog
E:\Projects\connect4\connec4\connec4\Debug\link.3740.write.1.tlog
E:\Projects\connect4\connec4\connec4\Debug\link.3740-cvtres.read.1.tlog
E:\Projects\connect4\connec4\connec4\Debug\link.3740-cvtres.write.1.tlog
E:\Projects\connect4\connec4\connec4\Debug\link.3812.read.1.tlog
E:\Projects\connect4\connec4\connec4\Debug\link.3812.write.1.tlog
E:\Projects\connect4\connec4\connec4\Debug\link.3812-cvtres.read.1.tlog
E:\Projects\connect4\connec4\connec4\Debug\link.3812-cvtres.write.1.tlog
E:\Projects\connect4\connec4\connec4\Debug\link.4168.read.1.tlog
E:\Projects\connect4\connec4\connec4\Debug\link.4168.write.1.tlog
E:\Projects\connect4\connec4\connec4\Debug\link.4168-cvtres.read.1.tlog
E:\Projects\connect4\connec4\connec4\Debug\link.4168-cvtres.write.1.tlog
E:\Projects\connect4\connec4\connec4\Debug\link.4508.read.1.tlog
E:\Projects\connect4\connec4\connec4\Debug\link.4508.write.1.tlog
E:\Projects\connect4\connec4\connec4\Debug\link.4508-cvtres.read.1.tlog
E:\Projects\connect4\connec4\connec4\Debug\link.4508-cvtres.write.1.tlog
E:\Projects\connect4\connec4\connec4\Debug\link.4732.read.1.tlog
E:\Projects\connect4\connec4\connec4\Debug\link.4732.write.1.tlog
E:\Projects\connect4\connec4\connec4\Debug\link.4732-cvtres.read.1.tlog
E:\Projects\connect4\connec4\connec4\Debug\link.4732-cvtres.write.1.tlog
E:\Projects\connect4\connec4\connec4\Debug\link.4876.read.1.tlog
E:\Projects\connect4\connec4\connec4\Debug\link.4876.write.1.tlog
E:\Projects\connect4\connec4\connec4\Debug\link.4876-cvtres.read.1.tlog
E:\Projects\connect4\connec4\connec4\Debug\link.4876-cvtres.write.1.tlog
E:\Projects\connect4\connec4\connec4\Debug\link.5496.read.1.tlog
E:\Projects\connect4\connec4\connec4\Debug\link.5496.write.1.tlog
E:\Projects\connect4\connec4\connec4\Debug\link.5496-cvtres.read.1.tlog
E:\Projects\connect4\connec4\connec4\Debug\link.5496-cvtres.write.1.tlog
E:\Projects\connect4\connec4\connec4\Debug\link.6360.read.1.tlog
E:\Projects\connect4\connec4\connec4\Debug\link.6360.write.1.tlog
E:\Projects\connect4\connec4\connec4\Debug\link.6360-cvtres.read.1.tlog
E:\Projects\connect4\connec4\connec4\Debug\link.6360-cvtres.write.1.tlog
E:\Projects\connect4\connec4\connec4\Debug\link.command.1.tlog
E:\Projects\connect4\connec4\connec4\Debug\link.read.1.tlog
E:\Projects\connect4\connec4\connec4\Debug\link.write.1.tlog
E:\Projects\connect4\connec4\connec4\Debug\link-cvtres.read.1.tlog
E:\Projects\connect4\connec4\connec4\Debug\link-cvtres.write.1.tlog
E:\Projects\connect4\connec4\connec4\Debug\mt.command.1.tlog
E:\Projects\connect4\connec4\connec4\Debug\mt.read.1.tlog
E:\Projects\connect4\connec4\connec4\Debug\mt.write.1.tlog
E:\Projects\connect4\connec4\connec4\Debug\rc.command.1.tlog
E:\Projects\connect4\connec4\connec4\Debug\rc.read.1.tlog
E:\Projects\connect4\connec4\connec4\Debug\rc.write.1.tlog
E:\PROJECTS\CONNECT4\CONNEC4\CONNEC4\DEBUG\STDAFX.OBJ
E:\Projects\connect4\connec4\connec4\Debug\vc100.idb
E:\PROJECTS\CONNECT4\CONNEC4\CONNEC4\DEBUG\VC100.PDB
E:\PROJECTS\CONNECT4\CONNEC4\DEBUG\CONNEC4.EXE
E:\PROJECTS\CONNECT4\CONNEC4\DEBUG\CONNEC4.ILK
E:\PROJECTS\CONNECT4\CONNEC4\DEBUG\CONNEC4.PDB
